<?xml version="1.0" encoding="UTF-8"?>
<!-- Generated by org.testng.reporters.JUnitReportReporter -->
<testsuite hostname="LAPTOP-UACD3O72" failures="0" tests="1" name="shettyAcademy.tests.StandAloneTest1" time="21.896" errors="0" timestamp="2025-06-07T09:48:42 IST" skipped="0">
  <testcase classname="shettyAcademy.tests.StandAloneTest1" name="submitOrder" time="21.896"/>
</testsuite> <!-- shettyAcademy.tests.StandAloneTest1 -->
