<?xml version="1.0" encoding="UTF-8"?>
<!-- Generated by org.testng.reporters.JUnitReportReporter -->
<testsuite hostname="LAPTOP-UACD3O72" failures="0" tests="3" name="shettyAcademy.tests.SubmitOrder" time="55.834" errors="0" timestamp="2025-06-10T18:59:01 IST" skipped="0">
  <testcase classname="shettyAcademy.tests.SubmitOrder" name="OrderHistoryTest" time="6.640"/>
  <testcase classname="shettyAcademy.tests.SubmitOrder" name="submitOrder" time="27.209"/>
  <testcase classname="shettyAcademy.tests.SubmitOrder" name="submitOrder" time="21.985"/>
</testsuite> <!-- shettyAcademy.tests.SubmitOrder -->
