<?xml version="1.0" encoding="UTF-8"?>
<!-- Generated by org.testng.reporters.JUnitReportReporter -->
<testsuite hostname="LAPTOP-UACD3O72" failures="0" tests="2" name="shettyAcademy.tests.ErrorValidation" time="21.856" errors="0" timestamp="2025-06-09T22:37:38 IST" skipped="0">
  <testcase classname="shettyAcademy.tests.ErrorValidation" name="productErrorValidation" time="14.337"/>
  <testcase classname="shettyAcademy.tests.ErrorValidation" name="LoginErrorValidation" time="7.519"/>
</testsuite> <!-- shettyAcademy.tests.ErrorValidation -->
